TN:
SF:server.js
FNF:0
FNH:0
DA:1,1
DA:2,1
DA:3,1
DA:4,1
DA:5,1
DA:6,1
DA:7,1
DA:8,1
DA:9,1
DA:10,1
DA:11,1
DA:12,1
DA:13,1
LF:13
LH:13
BRDA:1,0,0,1
BRDA:9,1,0,1
BRF:2
BRH:2
end_of_record
TN:
SF:controllers\notescontroller.js
FN:3,exports.getAllNotes
FN:10,exports.getNoteById
FN:19,exports.createNote
FN:40,exports.deleteNote
FN:52,exports.updateNote
FNF:5
FNH:5
FNDA:1,exports.getAllNotes
FNDA:1,exports.getNoteById
FNDA:6,exports.createNote
FNDA:2,exports.deleteNote
FNDA:2,exports.updateNote
DA:1,1
DA:2,1
DA:3,1
DA:4,1
DA:5,1
DA:6,1
DA:7,1
DA:8,1
DA:9,1
DA:10,1
DA:11,1
DA:12,1
DA:13,1
DA:14,1
DA:15,1
DA:16,1
DA:17,1
DA:18,1
DA:19,1
DA:20,6
DA:21,6
DA:22,6
DA:23,3
DA:24,3
DA:25,3
DA:26,3
DA:27,3
DA:28,3
DA:29,3
DA:30,3
DA:31,3
DA:32,3
DA:33,3
DA:34,3
DA:35,3
DA:36,3
DA:37,3
DA:38,1
DA:39,1
DA:40,1
DA:41,2
DA:42,2
DA:43,2
DA:44,2
DA:45,1
DA:46,1
DA:47,1
DA:48,1
DA:49,1
DA:50,1
DA:51,1
DA:52,1
DA:53,2
DA:54,0
DA:55,0
DA:56,0
DA:57,0
DA:58,2
DA:59,2
DA:60,2
DA:61,2
DA:62,2
DA:63,1
DA:64,2
DA:65,2
DA:66,0
DA:67,0
DA:68,1
DA:69,1
DA:70,15
DA:71,1
DA:72,1
DA:73,1
DA:74,1
DA:75,1
LF:75
LH:69
BRDA:1,0,0,1
BRDA:3,1,0,1
BRDA:10,2,0,1
BRDA:12,3,0,13
BRDA:19,4,0,6
BRDA:22,5,0,4
BRDA:22,6,0,3
BRDA:40,7,0,2
BRDA:44,8,0,1
BRDA:43,9,0,29
BRDA:46,10,0,15
BRDA:52,11,0,2
BRDA:53,12,0,0
BRDA:62,13,0,1
BRDA:64,14,0,0
BRDA:65,15,0,0
BRDA:68,16,0,1
BRDA:61,17,0,30
BRDA:69,18,0,15
BRDA:70,19,0,1
BRDA:70,20,0,14
BRF:21
BRH:18
end_of_record
TN:
SF:routes\notesRoutes.js
FNF:0
FNH:0
DA:1,1
DA:2,1
DA:3,1
DA:4,1
DA:5,1
DA:6,1
DA:7,1
DA:8,1
DA:9,1
DA:10,1
DA:11,1
DA:12,1
LF:12
LH:12
BRDA:1,0,0,1
BRF:1
BRH:1
end_of_record
TN:
SF:services\notesService.js
FN:4,getNotes
FN:9,saveNotes
FNF:2
FNH:2
FNDA:9,getNotes
FNDA:5,saveNotes
DA:1,1
DA:2,1
DA:3,1
DA:4,9
DA:5,9
DA:6,9
DA:7,9
DA:8,1
DA:9,5
DA:10,5
DA:11,5
DA:12,1
DA:13,1
LF:13
LH:13
BRDA:1,0,0,1
BRDA:4,1,0,9
BRDA:9,2,0,5
BRF:3
BRH:3
end_of_record
